Build started 18.4.2013 г. 17:42:49.
Project "C:\DataWin8\Cplusplus.cpp\PracticalProjects\BankSystem\BankSystem\BankSystem.vcxproj" on node 2 (Build target(s)).
Link:
  C:\Program Files\Microsoft Visual Studio 11.0\VC\bin\link.exe /ERRORREPORT:PROMPT /OUT:"C:\DataWin8\Cplusplus.cpp\PracticalProjects\BankSystem\Debug\BankSystem.exe" /INCREMENTAL /NOLOGO kernel32.lib user32.lib gdi32.lib winspool.lib comdlg32.lib advapi32.lib shell32.lib ole32.lib oleaut32.lib uuid.lib odbc32.lib odbccp32.lib /MANIFEST /MANIFESTUAC:"level='asInvoker' uiAccess='false'" /manifest:embed /DEBUG /PDB:"C:\DataWin8\Cplusplus.cpp\PracticalProjects\BankSystem\Debug\BankSystem.pdb" /SUBSYSTEM:CONSOLE /TLBID:1 /DYNAMICBASE /NXCOMPAT /IMPLIB:"C:\DataWin8\Cplusplus.cpp\PracticalProjects\BankSystem\Debug\BankSystem.lib" /MACHINE:X86 Debug\BankAccount.obj
MSVCRTD.lib(crtexe.obj) : error LNK2019: unresolved external symbol _main referenced in function ___tmainCRTStartup
C:\DataWin8\Cplusplus.cpp\PracticalProjects\BankSystem\Debug\BankSystem.exe : fatal error LNK1120: 1 unresolved externals
Done Building Project "C:\DataWin8\Cplusplus.cpp\PracticalProjects\BankSystem\BankSystem\BankSystem.vcxproj" (Build target(s)) -- FAILED.

Build FAILED.

Time Elapsed 00:00:01.25
