Build started 18.4.2013 г. 17:52:43.
Project "C:\DataWin8\Cplusplus.cpp\PracticalProjects\ClassA\ClassA\ClassA.vcxproj" on node 2 (Build target(s)).
ClCompile:
  C:\Program Files\Microsoft Visual Studio 11.0\VC\bin\CL.exe /c /ZI /nologo /W3 /WX- /Od /Oy- /D WIN32 /D _DEBUG /D _CONSOLE /D _UNICODE /D UNICODE /Gm /EHsc /RTC1 /MDd /GS /fp:precise /Zc:wchar_t /Zc:forScope /Fo"Debug\\" /Fd"Debug\vc110.pdb" /Gd /TP /analyze- /errorReport:prompt A.cpp B.cpp ClassA.cpp stdafx.cpp
  stdafx.cpp
  ClassA.cpp
  B.cpp
c:\datawin8\cplusplus.cpp\practicalprojects\classa\classa\b.cpp(15): warning C4996: 'strcpy': This function or variable may be unsafe. Consider using strcpy_s instead. To disable deprecation, use _CRT_SECURE_NO_WARNINGS. See online help for details.
          c:\program files\microsoft visual studio 11.0\vc\include\string.h(110) : see declaration of 'strcpy'
c:\datawin8\cplusplus.cpp\practicalprojects\classa\classa\b.cpp(21): warning C4996: 'strcpy': This function or variable may be unsafe. Consider using strcpy_s instead. To disable deprecation, use _CRT_SECURE_NO_WARNINGS. See online help for details.
          c:\program files\microsoft visual studio 11.0\vc\include\string.h(110) : see declaration of 'strcpy'
c:\datawin8\cplusplus.cpp\practicalprojects\classa\classa\b.cpp(31): warning C4996: 'strcpy': This function or variable may be unsafe. Consider using strcpy_s instead. To disable deprecation, use _CRT_SECURE_NO_WARNINGS. See online help for details.
          c:\program files\microsoft visual studio 11.0\vc\include\string.h(110) : see declaration of 'strcpy'
c:\datawin8\cplusplus.cpp\practicalprojects\classa\classa\b.cpp(40): warning C4996: 'strcpy': This function or variable may be unsafe. Consider using strcpy_s instead. To disable deprecation, use _CRT_SECURE_NO_WARNINGS. See online help for details.
          c:\program files\microsoft visual studio 11.0\vc\include\string.h(110) : see declaration of 'strcpy'
  A.cpp
c:\datawin8\cplusplus.cpp\practicalprojects\classa\classa\b.h(4): error C2504: 'A' : base class undefined
  Generating Code...
Done Building Project "C:\DataWin8\Cplusplus.cpp\PracticalProjects\ClassA\ClassA\ClassA.vcxproj" (Build target(s)) -- FAILED.

Build FAILED.

Time Elapsed 00:00:02.61
