Build started 8/15/2013 1:01:11 PM.
     1>Project "C:\Users\Iliyan\Documents\My Box Files\Iliqn'sData\Cplusplus.cpp\PracticalProjects1\Shopping_Cart\Shopping_Cart.vcxproj" on node 2 (Build target(s)).
     1>ClCompile:
         C:\Program Files (x86)\Microsoft Visual Studio 11.0\VC\bin\CL.exe /c /ZI /nologo /W3 /WX- /Od /Oy- /D WIN32 /D _DEBUG /D _CONSOLE /D _UNICODE /D UNICODE /Gm /EHsc /RTC1 /MDd /GS /fp:precise /Zc:wchar_t /Zc:forScope /Fo"Debug\\" /Fd"Debug\vc110.pdb" /Gd /TP /analyze- /errorReport:prompt "..\..\..\..\Iliqn'sData\Cplusplus.cpp\PracticalProjects1\Shopping_Cart\Inventory.cpp" "..\..\..\..\Iliqn'sData\Cplusplus.cpp\PracticalProjects1\Shopping_Cart\Source.cpp"
         Source.cpp
     1>c:\users\iliyan\documents\my box files\iliqn'sdata\cplusplus.cpp\practicalprojects1\shopping_cart\source.cpp(2): warning C4067: unexpected tokens following preprocessor directive - expected a newline
     1>c:\users\iliyan\documents\my box files\iliqn'sdata\cplusplus.cpp\practicalprojects1\shopping_cart\inventory.h(43): error C2248: 'Cart::Cart' : cannot access private member declared in class 'Cart'
                 c:\users\iliyan\documents\my box files\iliqn'sdata\cplusplus.cpp\practicalprojects1\shopping_cart\inventory.h(13) : see declaration of 'Cart::Cart'
                 c:\users\iliyan\documents\my box files\iliqn'sdata\cplusplus.cpp\practicalprojects1\shopping_cart\inventory.h(10) : see declaration of 'Cart'
         Inventory.cpp
     1>c:\users\iliyan\documents\my box files\iliqn'sdata\cplusplus.cpp\practicalprojects1\shopping_cart\inventory.h(43): error C2248: 'Cart::Cart' : cannot access private member declared in class 'Cart'
                 c:\users\iliyan\documents\my box files\iliqn'sdata\cplusplus.cpp\practicalprojects1\shopping_cart\inventory.h(13) : see declaration of 'Cart::Cart'
                 c:\users\iliyan\documents\my box files\iliqn'sdata\cplusplus.cpp\practicalprojects1\shopping_cart\inventory.h(10) : see declaration of 'Cart'
         Generating Code...
     1>Done Building Project "C:\Users\Iliyan\Documents\My Box Files\Iliqn'sData\Cplusplus.cpp\PracticalProjects1\Shopping_Cart\Shopping_Cart.vcxproj" (Build target(s)) -- FAILED.

Build FAILED.

Time Elapsed 00:00:02.51
