Build started 31.5.2013 г. 15:59:47.
Project "C:\DataWin8\Cplusplus.cpp\PracticalProjects\PracticalProjectMusicShop1\Tests\Tests.vcxproj" on node 2 (Build target(s)).
ClCompile:
  C:\Program Files\Microsoft Visual Studio 11.0\VC\bin\CL.exe /c /I"C:\Program Files\Microsoft Visual Studio 11.0\VC\UnitTest\include" /ZI /nologo /W3 /WX- /Od /Oy- /D WIN32 /D _DEBUG /D _WINDLL /D _UNICODE /D UNICODE /Gm /EHsc /RTC1 /MDd /GS /fp:precise /Zc:wchar_t /Zc:forScope /Yu"stdafx.h" /Fp"Debug\Tests.pch" /Fo"Debug\\" /Fd"Debug\vc110.pdb" /Gd /TP /analyze- /FC /errorReport:prompt unittest1.cpp
  unittest1.cpp
Link:
  C:\Program Files\Microsoft Visual Studio 11.0\VC\bin\link.exe /ERRORREPORT:PROMPT /OUT:"C:\DataWin8\Cplusplus.cpp\PracticalProjects\PracticalProjectMusicShop1\Debug\Tests.dll" /INCREMENTAL /NOLOGO /LIBPATH:"C:\Program Files\Microsoft Visual Studio 11.0\VC\UnitTest\lib" kernel32.lib user32.lib gdi32.lib winspool.lib comdlg32.lib advapi32.lib shell32.lib ole32.lib oleaut32.lib uuid.lib odbc32.lib odbccp32.lib /MANIFEST /MANIFESTUAC:"level='asInvoker' uiAccess='false'" /manifest:embed /DEBUG /PDB:"C:\DataWin8\Cplusplus.cpp\PracticalProjects\PracticalProjectMusicShop1\Debug\Tests.pdb" /SUBSYSTEM:WINDOWS /TLBID:1 /DYNAMICBASE /NXCOMPAT /IMPLIB:"C:\DataWin8\Cplusplus.cpp\PracticalProjects\PracticalProjectMusicShop1\Debug\Tests.lib" /MACHINE:X86 /DLL Debug\stdafx.obj
  Debug\unittest1.obj
     Creating library C:\DataWin8\Cplusplus.cpp\PracticalProjects\PracticalProjectMusicShop1\Debug\Tests.lib and object C:\DataWin8\Cplusplus.cpp\PracticalProjects\PracticalProjectMusicShop1\Debug\Tests.exp
unittest1.obj : error LNK2019: unresolved external symbol "public: __thiscall MusicShop::MusicShop(char const *,char const *,unsigned int)" (??0MusicShop@@QAE@PBD0I@Z) referenced in function "public: void __thiscall Tests::UnitTest1::TestMethod1(void)" (?TestMethod1@UnitTest1@Tests@@QAEXXZ)
unittest1.obj : error LNK2019: unresolved external symbol "public: __thiscall MusicShop::~MusicShop(void)" (??1MusicShop@@QAE@XZ) referenced in function "public: void __thiscall Tests::UnitTest1::TestMethod1(void)" (?TestMethod1@UnitTest1@Tests@@QAEXXZ)
unittest1.obj : error LNK2019: unresolved external symbol "public: char const * __thiscall MusicShop::getMusicShopName(void)" (?getMusicShopName@MusicShop@@QAEPBDXZ) referenced in function "public: void __thiscall Tests::UnitTest1::TestMethod1(void)" (?TestMethod1@UnitTest1@Tests@@QAEXXZ)
C:\DataWin8\Cplusplus.cpp\PracticalProjects\PracticalProjectMusicShop1\Debug\Tests.dll : fatal error LNK1120: 3 unresolved externals
Done Building Project "C:\DataWin8\Cplusplus.cpp\PracticalProjects\PracticalProjectMusicShop1\Tests\Tests.vcxproj" (Build target(s)) -- FAILED.

Build FAILED.

Time Elapsed 00:00:06.26
